<?xml version="1.0" encoding="UTF-8"?>
<!-- Generated by org.testng.reporters.JUnitReportReporter -->
<testsuite skipped="0" hostname="DESKTOP-RT5VPGJ" name="testcases.TC_login" tests="1" failures="0" timestamp="2022-04-03T23:19:41 PDT" time="2.685" errors="0">
  <testcase name="test_login" time="2.685" classname="testcases.TC_login"/>
  <system-out/>
</testsuite> <!-- testcases.TC_login -->
