<?xml version="1.0" encoding="UTF-8"?>
<!-- Generated by org.testng.reporters.JUnitReportReporter -->
<testsuite skipped="0" hostname="DESKTOP-RT5VPGJ" name="testcases.TC_loginDDt" tests="4" failures="0" timestamp="2022-04-02T00:39:10 PDT" time="39.607" errors="0">
  <testcase name="TC_001loginDDT" time="3.844" classname="testcases.TC_loginDDt"/>
  <system-out/>
  <testcase name="TC_001loginDDT" time="11.896" classname="testcases.TC_loginDDt"/>
  <system-out/>
  <testcase name="TC_001loginDDT" time="11.953" classname="testcases.TC_loginDDt"/>
  <system-out/>
  <testcase name="TC_001loginDDT" time="11.914" classname="testcases.TC_loginDDt"/>
  <system-out/>
</testsuite> <!-- testcases.TC_loginDDt -->
