<?xml version="1.0" encoding="UTF-8"?>
<!-- Generated by org.testng.reporters.JUnitReportReporter -->
<testsuite skipped="0" hostname="DESKTOP-RT5VPGJ" name="testcases.TC_001Accountregistration" tests="1" failures="0" timestamp="2022-04-04T00:37:05 PDT" time="3.248" errors="0">
  <testcase name="test_registration" time="3.248" classname="testcases.TC_001Accountregistration"/>
  <system-out/>
</testsuite> <!-- testcases.TC_001Accountregistration -->
